 Dereferencing a pointer past the end of an array.
   at main(UB-CER4-bad.c:5:2)
  Undefined behavior (UB-CER4).
   see C11 section 6.5.6:8 http://rvdoc.org/C11/6.5.6
   see C11 section J.2:1 items 47 and 49 http://rvdoc.org/C11/J.2
   see CERT-C section ARR30-C http://rvdoc.org/CERT-C/ARR30-C
   see CERT-C section ARR37-C http://rvdoc.org/CERT-C/ARR37-C
   see CERT-C section STR31-C http://rvdoc.org/CERT-C/STR31-C
 Reading outside the bounds of an object.
   at main(UB-CER4-bad.c:5:2)
  Undefined behavior (UB-EIO7).
   see C11 section 6.3.2.1:1 http://rvdoc.org/C11/6.3.2.1
   see C11 section J.2:1 item 19 http://rvdoc.org/C11/J.2
   see CERT-C section ARR30-C http://rvdoc.org/CERT-C/ARR30-C
   see CERT-C section ARR37-C http://rvdoc.org/CERT-C/ARR37-C
   see CERT-C section STR31-C http://rvdoc.org/CERT-C/STR31-C
   see CERT-C section STR32-C http://rvdoc.org/CERT-C/STR32-C
 Indeterminate value used in an expression.
   at main(UB-CER4-bad.c:5:2)
  Undefined behavior (UB-CEE2).
   see C11 section 6.2.4 http://rvdoc.org/C11/6.2.4
   see C11 section 6.7.9 http://rvdoc.org/C11/6.7.9
   see C11 section 6.8 http://rvdoc.org/C11/6.8
   see C11 section J.2:1 item 11 http://rvdoc.org/C11/J.2
   see CERT-C section EXP33-C http://rvdoc.org/CERT-C/EXP33-C
