Conversion to a pointer type with a stricter alignment requirement (possibly undefined):
      > in main at UB-CCV11-bad.c:5:9

    Undefined behavior (UB-CCV11):
        see C11 section 6.3.2.3:7 http://rvdoc.org/C11/6.3.2.3
        see C11 section J.2:1 item 25 http://rvdoc.org/C11/J.2
        see CERT-C section EXP36-C http://rvdoc.org/CERT-C/EXP36-C
        see MISRA-C section 8.1:3 http://rvdoc.org/MISRA-C/8.1

Type of lvalue (int) not compatible with the effective type of the object being accessed (char [5]):
      > in main at UB-CCV11-bad.c:5:9

    Undefined behavior (UB-EIO10):
        see C11 section 6.5:7 http://rvdoc.org/C11/6.5
        see C11 section J.2:1 item 37 http://rvdoc.org/C11/J.2
        see CERT-C section EXP39-C http://rvdoc.org/CERT-C/EXP39-C
        see MISRA-C section 8.1:3 http://rvdoc.org/MISRA-C/8.1

Reading outside the bounds of an object:
      > in main at UB-CCV11-bad.c:5:2

    Undefined behavior (UB-EIO7):
        see C11 section 6.3.2.1:1 http://rvdoc.org/C11/6.3.2.1
        see C11 section J.2:1 item 19 http://rvdoc.org/C11/J.2
        see CERT-C section ARR30-C http://rvdoc.org/CERT-C/ARR30-C
        see CERT-C section ARR37-C http://rvdoc.org/CERT-C/ARR37-C
        see CERT-C section STR31-C http://rvdoc.org/CERT-C/STR31-C
        see CERT-C section STR32-C http://rvdoc.org/CERT-C/STR32-C
        see MISRA-C section 8.1:3 http://rvdoc.org/MISRA-C/8.1

Indeterminate value used in an expression:
      > in main at UB-CCV11-bad.c:5:2

    Undefined behavior (UB-CEE2):
        see C11 section 6.2.4 http://rvdoc.org/C11/6.2.4
        see C11 section 6.7.9 http://rvdoc.org/C11/6.7.9
        see C11 section 6.8 http://rvdoc.org/C11/6.8
        see C11 section J.2:1 item 11 http://rvdoc.org/C11/J.2
        see CERT-C section EXP33-C http://rvdoc.org/CERT-C/EXP33-C
        see MISRA-C section 8.9:1 http://rvdoc.org/MISRA-C/8.9
        see MISRA-C section 8.1:3 http://rvdoc.org/MISRA-C/8.1

