Unsequenced side effect on scalar object with side effect of same object:
      > in main at UB-EIO8-bad.c:9:21

    Undefined behavior (UB-EIO8):
        see C11 section 6.5:2 http://rvdoc.org/C11/6.5
        see C11 section J.2:1 item 35 http://rvdoc.org/C11/J.2
        see CERT-C section EXP30-C http://rvdoc.org/CERT-C/EXP30-C
        see MISRA-C section 8.1:3 http://rvdoc.org/MISRA-C/8.1

Unsequenced side effect on scalar object with value computation of same object:
      > in foo at UB-EIO8-bad.c:4:10
        in main at UB-EIO8-bad.c:11:2

    Undefined behavior (UB-EIO8):
        see C11 section 6.5:2 http://rvdoc.org/C11/6.5
        see C11 section J.2:1 item 35 http://rvdoc.org/C11/J.2
        see CERT-C section EXP30-C http://rvdoc.org/CERT-C/EXP30-C
        see MISRA-C section 8.1:3 http://rvdoc.org/MISRA-C/8.1

Unsequenced side effect on scalar object with side effect of same object:
      > in foo at UB-EIO8-bad.c:4:10
        in main at UB-EIO8-bad.c:11:2

    Undefined behavior (UB-EIO8):
        see C11 section 6.5:2 http://rvdoc.org/C11/6.5
        see C11 section J.2:1 item 35 http://rvdoc.org/C11/J.2
        see CERT-C section EXP30-C http://rvdoc.org/CERT-C/EXP30-C
        see MISRA-C section 8.1:3 http://rvdoc.org/MISRA-C/8.1

