'va_arg' called with no arguments remaining:
      > in __kcc_va_inc at UB-STDARG6-bad.c:5:16
        in f at UB-STDARG6-bad.c:5:16
        in main at UB-STDARG6-bad.c:11:7

    Undefined behavior (UB-STDARG6):
        see C11 section 7.16.1.1:2 http://rvdoc.org/C11/7.16.1.1
        see C11 section J.2:1 item 141 http://rvdoc.org/C11/J.2
        see CERT-C section DCL10-C http://rvdoc.org/CERT-C/DCL10-C
        see CERT-C section EXP47-C http://rvdoc.org/CERT-C/EXP47-C

Dereferencing a null pointer:
      > in f at UB-STDARG6-bad.c:5:16
        in main at UB-STDARG6-bad.c:11:7

    Undefined behavior (UB-CER3):
        see C11 section 6.5.3.2:4 http://rvdoc.org/C11/6.5.3.2
        see C11 section J.2:1 item 43 http://rvdoc.org/C11/J.2
        see CERT-C section EXP34-C http://rvdoc.org/CERT-C/EXP34-C
        see MISRA-C section 8.1:3 http://rvdoc.org/MISRA-C/8.1

Trying to read through a null pointer:
      > in f at UB-STDARG6-bad.c:5:16
        in main at UB-STDARG6-bad.c:11:7

    Undefined behavior (UB-CEER1):
        see C11 section 6.3.2.1:1 http://rvdoc.org/C11/6.3.2.1
        see C11 section J.2:1 item 19 http://rvdoc.org/C11/J.2
        see CERT-C section ERR33-C http://rvdoc.org/CERT-C/ERR33-C
        see CERT-C section EXP34-C http://rvdoc.org/CERT-C/EXP34-C
        see MISRA-C section 8.1:3 http://rvdoc.org/MISRA-C/8.1

