Error: UB-CCV11
Description: Conversion to a pointer type with a stricter alignment requirement (possibly undefined).
Type: Undefined behavior.
See also: C11 sec. 6.3.2.3:7, J.2:1 item 25
  at main(UB-CCV11-bad.c:5)
  at <file-scope>(<unknown>)
Error: UB-EIO10
Description: Type of lvalue not compatible with the effective type of the object being accessed.
Type: Undefined behavior.
See also: C11 sec. 6.5:7, J.2:1 item 37
  at main(UB-CCV11-bad.c:5)
  at <file-scope>(<unknown>)
Error: UB-EIO7
Description: Reading outside the bounds of an object.
Type: Undefined behavior.
See also: C11 sec. 6.3.2.1:1, J.2:1 item 19
  at main(UB-CCV11-bad.c:5)
  at <file-scope>(<unknown>)
Error: UB-CEE2
Description: Indeterminate value used in an expression.
Type: Undefined behavior.
See also: C11 sec. 6.2.4, 6.7.9, 6.8, J.2:1 item 11
  at main(UB-CCV11-bad.c:5)
  at <file-scope>(<unknown>)
