 Referring to an object outside of its lifetime.
   at main(UB-CEE4-bad.c:9:2)
  Undefined behavior (UB-CEE4).
   see C11 section 6.2.4:2 http://rvdoc.org/C11/6.2.4
   see C11 section J.2:1 item 9 http://rvdoc.org/C11/J.2
   see CERT-C section DCL21-C http://rvdoc.org/CERT-C/DCL21-C
   see CERT-C section DCL30-C http://rvdoc.org/CERT-C/DCL30-C
   see CERT-C section MEM30-C http://rvdoc.org/CERT-C/MEM30-C
 Dereferencing a null pointer.
   at main(UB-CEE4-bad.c:9:2)
  Undefined behavior (UB-CER3).
   see C11 section 6.5.3.2:4 http://rvdoc.org/C11/6.5.3.2
   see C11 section J.2:1 item 43 http://rvdoc.org/C11/J.2
   see CERT-C section EXP34-C http://rvdoc.org/CERT-C/EXP34-C
 Trying to read through a null pointer.
   at main(UB-CEE4-bad.c:9:2)
  Undefined behavior (UB-CEER1).
   see C11 section 6.3.2.1:1 http://rvdoc.org/C11/6.3.2.1
   see C11 section J.2:1 item 19 http://rvdoc.org/C11/J.2
   see CERT-C section EXP34-C http://rvdoc.org/CERT-C/EXP34-C
   see CERT-C section ERR33-C http://rvdoc.org/CERT-C/ERR33-C
