Error: UB-STDARG3
Description: 'va_arg' called on an uninitialized va_list.
Type: Undefined behavior.
See also: C11 sec. 7.16.1.1:2, J.2:1 item 136
  at __va_inc(UB-STDARG3-bad.c:7)
  at f(UB-STDARG3-bad.c:7)
  at main(UB-STDARG3-bad.c:11)
  at <file-scope>(<unknown>)
Error: UB-CER3
Description: Dereferencing a null pointer.
Type: Undefined behavior.
See also: C11 sec. 6.5.3.2:4, J.2:1 item 43
  at f(UB-STDARG3-bad.c:7)
  at main(UB-STDARG3-bad.c:11)
  at <file-scope>(<unknown>)
Error: UB-CEE2
Description: Indeterminate value used in an expression.
Type: Undefined behavior.
See also: C11 sec. 6.2.4, 6.7.9, 6.8, J.2:1 item 11
  at f(UB-STDARG3-bad.c:7)
  at main(UB-STDARG3-bad.c:11)
  at <file-scope>(<unknown>)
