File: L-TREMPTY-bad-static.c
Line: 3
Warning: L-TREMPTY
Description: Empty block or statement in an if, for, or while.
Type: Possible unintended behavior.
File: L-TREMPTY-bad-static.c
Line: 5
Warning: L-TREMPTY
Description: Empty block or statement in an if, for, or while.
Type: Possible unintended behavior.
File: L-TREMPTY-bad-static.c
Line: 7
Warning: L-TREMPTY
Description: Empty block or statement in an if, for, or while.
Type: Possible unintended behavior.
File: L-TREMPTY-bad-static.c
Line: 9
Warning: L-TREMPTY
Description: Empty block or statement in an if, for, or while.
Type: Possible unintended behavior.
